<?xml version="1.0" encoding="UTF-8"?>
<testsuite name="com.example.MedicationCatalogApiControllerTest" tests="1" skipped="0" failures="1" errors="0" timestamp="2025-07-27T15:43:29" hostname="SCOTTs-MacBook-Pro.local" time="0.451">
  <properties/>
  <testcase name="testGetAllMedications()" classname="com.example.MedicationCatalogApiControllerTest" time="0.451">
    <failure message="io.micronaut.http.client.exceptions.HttpClientResponseException: Internal Server Error" type="io.micronaut.http.client.exceptions.HttpClientResponseException">io.micronaut.http.client.exceptions.HttpClientResponseException: Internal Server Error
	at app//io.micronaut.http.client.netty.DefaultHttpClient$FullHttpResponseHandler.makeErrorFromRequestBody(DefaultHttpClient.java:2259)
	at app//io.micronaut.http.client.netty.DefaultHttpClient$FullHttpResponseHandler.forwardResponseToPromise(DefaultHttpClient.java:2210)
	at app//io.micronaut.http.client.netty.DefaultHttpClient$FullHttpResponseHandler.channelReadInstrumented(DefaultHttpClient.java:2179)
	at app//io.micronaut.http.client.netty.DefaultHttpClient$FullHttpResponseHandler.channelReadInstrumented(DefaultHttpClient.java:2147)
	at app//io.micronaut.http.client.netty.SimpleChannelInboundHandlerInstrumented.channelRead0(SimpleChannelInboundHandlerInstrumented.java:46)
	at app//io.netty.channel.SimpleChannelInboundHandler.channelRead(SimpleChannelInboundHandler.java:99)
	at app//io.netty.channel.AbstractChannelHandlerContext.invokeChannelRead(AbstractChannelHandlerContext.java:444)
	at app//io.netty.channel.AbstractChannelHandlerContext.invokeChannelRead(AbstractChannelHandlerContext.java:420)
	at app//io.netty.channel.AbstractChannelHandlerContext.fireChannelRead(AbstractChannelHandlerContext.java:412)
	at app//io.netty.handler.codec.MessageToMessageDecoder.channelRead(MessageToMessageDecoder.java:103)
	at app//io.netty.channel.AbstractChannelHandlerContext.invokeChannelRead(AbstractChannelHandlerContext.java:444)
	at app//io.netty.channel.AbstractChannelHandlerContext.invokeChannelRead(AbstractChannelHandlerContext.java:420)
	at app//io.netty.channel.AbstractChannelHandlerContext.fireChannelRead(AbstractChannelHandlerContext.java:412)
	at app//io.netty.handler.codec.MessageToMessageDecoder.channelRead(MessageToMessageDecoder.java:103)
	at app//io.netty.channel.AbstractChannelHandlerContext.invokeChannelRead(AbstractChannelHandlerContext.java:444)
	at app//io.netty.channel.AbstractChannelHandlerContext.invokeChannelRead(AbstractChannelHandlerContext.java:420)
	at app//io.netty.channel.AbstractChannelHandlerContext.fireChannelRead(AbstractChannelHandlerContext.java:412)
	at app//io.netty.channel.CombinedChannelDuplexHandler$DelegatingChannelHandlerContext.fireChannelRead(CombinedChannelDuplexHandler.java:436)
	at app//io.netty.handler.codec.ByteToMessageDecoder.fireChannelRead(ByteToMessageDecoder.java:346)
	at app//io.netty.handler.codec.ByteToMessageDecoder.channelRead(ByteToMessageDecoder.java:318)
	at app//io.netty.channel.CombinedChannelDuplexHandler.channelRead(CombinedChannelDuplexHandler.java:251)
	at app//io.netty.channel.AbstractChannelHandlerContext.invokeChannelRead(AbstractChannelHandlerContext.java:442)
	at app//io.netty.channel.AbstractChannelHandlerContext.invokeChannelRead(AbstractChannelHandlerContext.java:420)
	at app//io.netty.channel.AbstractChannelHandlerContext.fireChannelRead(AbstractChannelHandlerContext.java:412)
	at app//io.netty.channel.ChannelInboundHandlerAdapter.channelRead(ChannelInboundHandlerAdapter.java:93)
	at app//io.micronaut.http.client.netty.ResettableReadTimeoutHandler$NextInterceptor.channelRead(ResettableReadTimeoutHandler.java:92)
	at app//io.netty.channel.AbstractChannelHandlerContext.invokeChannelRead(AbstractChannelHandlerContext.java:444)
	at app//io.netty.channel.AbstractChannelHandlerContext.invokeChannelRead(AbstractChannelHandlerContext.java:420)
	at app//io.netty.channel.AbstractChannelHandlerContext.fireChannelRead(AbstractChannelHandlerContext.java:412)
	at app//io.netty.handler.timeout.IdleStateHandler.channelRead(IdleStateHandler.java:289)
	at app//io.micronaut.http.client.netty.ResettableReadTimeoutHandler.channelRead(ResettableReadTimeoutHandler.java:64)
	at app//io.netty.channel.AbstractChannelHandlerContext.invokeChannelRead(AbstractChannelHandlerContext.java:442)
	at app//io.netty.channel.AbstractChannelHandlerContext.invokeChannelRead(AbstractChannelHandlerContext.java:420)
	at app//io.netty.channel.AbstractChannelHandlerContext.fireChannelRead(AbstractChannelHandlerContext.java:412)
	at app//io.netty.channel.DefaultChannelPipeline$HeadContext.channelRead(DefaultChannelPipeline.java:1410)
	at app//io.netty.channel.AbstractChannelHandlerContext.invokeChannelRead(AbstractChannelHandlerContext.java:440)
	at app//io.netty.channel.AbstractChannelHandlerContext.invokeChannelRead(AbstractChannelHandlerContext.java:420)
	at app//io.netty.channel.DefaultChannelPipeline.fireChannelRead(DefaultChannelPipeline.java:919)
	at app//io.netty.channel.nio.AbstractNioByteChannel$NioByteUnsafe.read(AbstractNioByteChannel.java:166)
	at app//io.netty.channel.nio.NioEventLoop.processSelectedKey(NioEventLoop.java:788)
	at app//io.netty.channel.nio.NioEventLoop.processSelectedKeysOptimized(NioEventLoop.java:724)
	at app//io.netty.channel.nio.NioEventLoop.processSelectedKeys(NioEventLoop.java:650)
	at app//io.netty.channel.nio.NioEventLoop.run(NioEventLoop.java:562)
	at app//io.netty.util.concurrent.SingleThreadEventExecutor$4.run(SingleThreadEventExecutor.java:997)
	at app//io.netty.util.internal.ThreadExecutorMap$2.run(ThreadExecutorMap.java:74)
	at app//io.netty.util.concurrent.FastThreadLocalRunnable.run(FastThreadLocalRunnable.java:30)
	at java.base@21.0.7/java.lang.Thread.run(Thread.java:1583)
	Suppressed: java.lang.Exception: #block terminated with an error
		at reactor.core.publisher.BlockingSingleSubscriber.blockingGet(BlockingSingleSubscriber.java:103)
		at reactor.core.publisher.Flux.blockFirst(Flux.java:2707)
		at io.micronaut.http.client.netty.DefaultHttpClient$1.exchange(DefaultHttpClient.java:571)
		at io.micronaut.http.client.BlockingHttpClient.exchange(BlockingHttpClient.java:77)
		at io.micronaut.http.client.BlockingHttpClient.exchange(BlockingHttpClient.java:106)
		at com.example.MedicationCatalogApiControllerTest.testGetAllMedications(MedicationCatalogApiControllerTest.kt:20)
		at java.base/java.lang.reflect.Method.invoke(Method.java:580)
		at io.micronaut.test.extensions.junit5.MicronautJunit5Extension$2.proceed(MicronautJunit5Extension.java:142)
		at io.micronaut.test.extensions.AbstractMicronautExtension.interceptEach(AbstractMicronautExtension.java:157)
		at io.micronaut.test.extensions.AbstractMicronautExtension.interceptTest(AbstractMicronautExtension.java:114)
		at io.micronaut.test.extensions.junit5.MicronautJunit5Extension.interceptTestMethod(MicronautJunit5Extension.java:129)
		at java.base/java.util.ArrayList.forEach(ArrayList.java:1596)
		at java.base/java.util.ArrayList.forEach(ArrayList.java:1596)
</failure>
  </testcase>
  <system-out><![CDATA[2025-07-27 08:43:28.776 [Test worker] INFO  i.m.l.PropertiesLoggingLevelsConfigurer - Setting log level 'WARN' for logger: 'org.testcontainers'
2025-07-27 08:43:28.779 [Test worker] INFO  i.m.l.PropertiesLoggingLevelsConfigurer - Setting log level 'WARN' for logger: 'root'
2025-07-27 08:43:29.544 [default-nioEventLoopGroup-1-3] ERROR i.m.http.server.RouteExecutor - Unexpected error occurred: Failed to inject value for parameter [enhancedClient] of class: com.example.infrastructure.dynamodb.MedicationCatalogRepositoryImpl

Message: No bean of type [software.amazon.awssdk.enhanced.dynamodb.DynamoDbEnhancedClient] exists. 
* [DynamoDbEnhancedClient] is disabled because:
 - Disallowed environments [test] are active: [test]
Path Taken: new MedicationCatalogApiController(MedicationCatalogApplicationService medicationCatalogService) --> new MedicationCatalogApiController([MedicationCatalogApplicationService medicationCatalogService]) --> new MedicationCatalogApplicationService([MedicationCatalogRepository medicationCatalogRepository],MedicationCatalogDomainService medicationCatalogDomainService) --> RepositoryConfig.medicationCatalogRepository([MedicationCatalogRepositoryImpl impl]) --> new MedicationCatalogRepositoryImpl([DynamoDbEnhancedClient enhancedClient])
io.micronaut.context.exceptions.DependencyInjectionException: Failed to inject value for parameter [enhancedClient] of class: com.example.infrastructure.dynamodb.MedicationCatalogRepositoryImpl

Message: No bean of type [software.amazon.awssdk.enhanced.dynamodb.DynamoDbEnhancedClient] exists. 
* [DynamoDbEnhancedClient] is disabled because:
 - Disallowed environments [test] are active: [test]
Path Taken: new MedicationCatalogApiController(MedicationCatalogApplicationService medicationCatalogService) --> new MedicationCatalogApiController([MedicationCatalogApplicationService medicationCatalogService]) --> new MedicationCatalogApplicationService([MedicationCatalogRepository medicationCatalogRepository],MedicationCatalogDomainService medicationCatalogDomainService) --> RepositoryConfig.medicationCatalogRepository([MedicationCatalogRepositoryImpl impl]) --> new MedicationCatalogRepositoryImpl([DynamoDbEnhancedClient enhancedClient])
	at io.micronaut.context.AbstractInitializableBeanDefinition.resolveBean(AbstractInitializableBeanDefinition.java:2181)
	at io.micronaut.context.AbstractInitializableBeanDefinition.getBeanForConstructorArgument(AbstractInitializableBeanDefinition.java:1328)
	at com.example.infrastructure.dynamodb.$MedicationCatalogRepositoryImpl$Definition.instantiate(Unknown Source)
	at io.micronaut.context.DefaultBeanContext.resolveByBeanFactory(DefaultBeanContext.java:2332)
	at io.micronaut.context.DefaultBeanContext.doCreateBean(DefaultBeanContext.java:2302)
	at io.micronaut.context.DefaultBeanContext.doCreateBean(DefaultBeanContext.java:2314)
	at io.micronaut.context.DefaultBeanContext.createRegistration(DefaultBeanContext.java:3116)
	at io.micronaut.context.SingletonScope.getOrCreate(SingletonScope.java:80)
	at io.micronaut.context.DefaultBeanContext.findOrCreateSingletonBeanRegistration(DefaultBeanContext.java:3018)
	at io.micronaut.context.DefaultBeanContext.resolveBeanRegistration(DefaultBeanContext.java:2979)
	at io.micronaut.context.DefaultBeanContext.resolveBeanRegistration(DefaultBeanContext.java:2753)
	at io.micronaut.context.DefaultBeanContext.getBean(DefaultBeanContext.java:1752)
	at io.micronaut.context.AbstractBeanResolutionContext.getBean(AbstractBeanResolutionContext.java:89)
	at io.micronaut.context.AbstractInitializableBeanDefinition.resolveBean(AbstractInitializableBeanDefinition.java:2165)
	at io.micronaut.context.AbstractInitializableBeanDefinition.getBeanForConstructorArgument(AbstractInitializableBeanDefinition.java:1328)
	at com.example.infrastructure.config.$RepositoryConfig$MedicationCatalogRepository0$Definition.instantiate(Unknown Source)
	at io.micronaut.context.DefaultBeanContext.resolveByBeanFactory(DefaultBeanContext.java:2332)
	at io.micronaut.context.DefaultBeanContext.doCreateBean(DefaultBeanContext.java:2302)
	at io.micronaut.context.DefaultBeanContext.doCreateBean(DefaultBeanContext.java:2314)
	at io.micronaut.context.DefaultBeanContext.createRegistration(DefaultBeanContext.java:3116)
	at io.micronaut.context.SingletonScope.getOrCreate(SingletonScope.java:80)
	at io.micronaut.context.DefaultBeanContext.findOrCreateSingletonBeanRegistration(DefaultBeanContext.java:3018)
	at io.micronaut.context.DefaultBeanContext.resolveBeanRegistration(DefaultBeanContext.java:2979)
	at io.micronaut.context.DefaultBeanContext.resolveBeanRegistration(DefaultBeanContext.java:2753)
	at io.micronaut.context.DefaultBeanContext.getBean(DefaultBeanContext.java:1752)
	at io.micronaut.context.AbstractBeanResolutionContext.getBean(AbstractBeanResolutionContext.java:89)
	at io.micronaut.context.AbstractInitializableBeanDefinition.resolveBean(AbstractInitializableBeanDefinition.java:2165)
	at io.micronaut.context.AbstractInitializableBeanDefinition.getBeanForConstructorArgument(AbstractInitializableBeanDefinition.java:1328)
	at com.example.application.service.$MedicationCatalogApplicationService$Definition.instantiate(Unknown Source)
	at io.micronaut.context.DefaultBeanContext.resolveByBeanFactory(DefaultBeanContext.java:2332)
	at io.micronaut.context.DefaultBeanContext.doCreateBean(DefaultBeanContext.java:2302)
	at io.micronaut.context.DefaultBeanContext.doCreateBean(DefaultBeanContext.java:2314)
	at io.micronaut.context.DefaultBeanContext.createRegistration(DefaultBeanContext.java:3116)
	at io.micronaut.context.SingletonScope.getOrCreate(SingletonScope.java:80)
	at io.micronaut.context.DefaultBeanContext.findOrCreateSingletonBeanRegistration(DefaultBeanContext.java:3018)
	at io.micronaut.context.DefaultBeanContext.resolveBeanRegistration(DefaultBeanContext.java:2979)
	at io.micronaut.context.DefaultBeanContext.resolveBeanRegistration(DefaultBeanContext.java:2753)
	at io.micronaut.context.DefaultBeanContext.getBean(DefaultBeanContext.java:1752)
	at io.micronaut.context.AbstractBeanResolutionContext.getBean(AbstractBeanResolutionContext.java:89)
	at io.micronaut.context.AbstractInitializableBeanDefinition.resolveBean(AbstractInitializableBeanDefinition.java:2165)
	at io.micronaut.context.AbstractInitializableBeanDefinition.getBeanForConstructorArgument(AbstractInitializableBeanDefinition.java:1328)
	at com.example.infrastructure.web.$MedicationCatalogApiController$Definition.instantiate(Unknown Source)
	at io.micronaut.context.DefaultBeanContext.resolveByBeanFactory(DefaultBeanContext.java:2332)
	at io.micronaut.context.DefaultBeanContext.doCreateBean(DefaultBeanContext.java:2302)
	at io.micronaut.context.DefaultBeanContext.doCreateBean(DefaultBeanContext.java:2314)
	at io.micronaut.context.DefaultBeanContext.createRegistration(DefaultBeanContext.java:3116)
	at io.micronaut.context.SingletonScope.getOrCreate(SingletonScope.java:80)
	at io.micronaut.context.DefaultBeanContext.findOrCreateSingletonBeanRegistration(DefaultBeanContext.java:3018)
	at io.micronaut.context.DefaultBeanContext.resolveBeanRegistration(DefaultBeanContext.java:2979)
	at io.micronaut.context.DefaultBeanContext.resolveBeanRegistration(DefaultBeanContext.java:2953)
	at io.micronaut.context.DefaultBeanContext.getBean(DefaultBeanContext.java:1718)
	at io.micronaut.context.DefaultBeanContext$BeanContextExecutionHandle.getTarget(DefaultBeanContext.java:4309)
	at io.micronaut.context.DefaultBeanContext$BeanContextUnsafeExecutionHandle.invokeUnsafe(DefaultBeanContext.java:4276)
	at io.micronaut.web.router.AbstractRouteMatch.execute(AbstractRouteMatch.java:236)
	at io.micronaut.http.server.RouteExecutor.executeRouteAndConvertBody(RouteExecutor.java:488)
	at io.micronaut.http.server.RouteExecutor.lambda$callRoute$8(RouteExecutor.java:472)
	at reactor.core.publisher.MonoDeferContextual.subscribe(MonoDeferContextual.java:47)
	at reactor.core.publisher.InternalMonoOperator.subscribe(InternalMonoOperator.java:76)
	at io.micronaut.http.reactive.execution.ReactorExecutionFlowImpl.onComplete(ReactorExecutionFlowImpl.java:89)
	at io.micronaut.http.server.netty.NettyRequestLifecycle.handleNormal(NettyRequestLifecycle.java:94)
	at io.micronaut.http.server.netty.RoutingInBoundHandler.accept(RoutingInBoundHandler.java:227)
	at io.micronaut.http.server.netty.websocket.NettyServerWebSocketUpgradeHandler.accept(NettyServerWebSocketUpgradeHandler.java:156)
	at io.micronaut.http.server.netty.handler.PipeliningServerHandler$MessageInboundHandler.read(PipeliningServerHandler.java:388)
	at io.micronaut.http.server.netty.handler.PipeliningServerHandler.channelRead(PipeliningServerHandler.java:213)
	at io.netty.channel.AbstractChannelHandlerContext.invokeChannelRead(AbstractChannelHandlerContext.java:444)
	at io.netty.channel.AbstractChannelHandlerContext.invokeChannelRead(AbstractChannelHandlerContext.java:420)
	at io.netty.channel.AbstractChannelHandlerContext.fireChannelRead(AbstractChannelHandlerContext.java:412)
	at io.netty.channel.ChannelInboundHandlerAdapter.channelRead(ChannelInboundHandlerAdapter.java:93)
	at io.netty.handler.codec.http.websocketx.extensions.WebSocketServerExtensionHandler.onHttpRequestChannelRead(WebSocketServerExtensionHandler.java:160)
	at io.netty.handler.codec.http.websocketx.extensions.WebSocketServerExtensionHandler.channelRead(WebSocketServerExtensionHandler.java:83)
	at io.netty.channel.AbstractChannelHandlerContext.invokeChannelRead(AbstractChannelHandlerContext.java:442)
	at io.netty.channel.AbstractChannelHandlerContext.invokeChannelRead(AbstractChannelHandlerContext.java:420)
	at io.netty.channel.AbstractChannelHandlerContext.fireChannelRead(AbstractChannelHandlerContext.java:412)
	at io.netty.channel.CombinedChannelDuplexHandler$DelegatingChannelHandlerContext.fireChannelRead(CombinedChannelDuplexHandler.java:436)
	at io.netty.handler.codec.ByteToMessageDecoder.fireChannelRead(ByteToMessageDecoder.java:346)
	at io.netty.handler.codec.ByteToMessageDecoder.channelRead(ByteToMessageDecoder.java:318)
	at io.netty.channel.CombinedChannelDuplexHandler.channelRead(CombinedChannelDuplexHandler.java:251)
	at io.netty.channel.AbstractChannelHandlerContext.invokeChannelRead(AbstractChannelHandlerContext.java:442)
	at io.netty.channel.AbstractChannelHandlerContext.invokeChannelRead(AbstractChannelHandlerContext.java:420)
	at io.netty.channel.AbstractChannelHandlerContext.fireChannelRead(AbstractChannelHandlerContext.java:412)
	at io.netty.handler.timeout.IdleStateHandler.channelRead(IdleStateHandler.java:289)
	at io.netty.channel.AbstractChannelHandlerContext.invokeChannelRead(AbstractChannelHandlerContext.java:442)
	at io.netty.channel.AbstractChannelHandlerContext.invokeChannelRead(AbstractChannelHandlerContext.java:420)
	at io.netty.channel.AbstractChannelHandlerContext.fireChannelRead(AbstractChannelHandlerContext.java:412)
	at io.netty.channel.DefaultChannelPipeline$HeadContext.channelRead(DefaultChannelPipeline.java:1410)
	at io.netty.channel.AbstractChannelHandlerContext.invokeChannelRead(AbstractChannelHandlerContext.java:440)
	at io.netty.channel.AbstractChannelHandlerContext.invokeChannelRead(AbstractChannelHandlerContext.java:420)
	at io.netty.channel.DefaultChannelPipeline.fireChannelRead(DefaultChannelPipeline.java:919)
	at io.netty.channel.nio.AbstractNioByteChannel$NioByteUnsafe.read(AbstractNioByteChannel.java:166)
	at io.netty.channel.nio.NioEventLoop.processSelectedKey(NioEventLoop.java:788)
	at io.netty.channel.nio.NioEventLoop.processSelectedKeysOptimized(NioEventLoop.java:724)
	at io.netty.channel.nio.NioEventLoop.processSelectedKeys(NioEventLoop.java:650)
	at io.netty.channel.nio.NioEventLoop.run(NioEventLoop.java:562)
	at io.netty.util.concurrent.SingleThreadEventExecutor$4.run(SingleThreadEventExecutor.java:997)
	at io.netty.util.internal.ThreadExecutorMap$2.run(ThreadExecutorMap.java:74)
	at io.netty.util.concurrent.FastThreadLocalRunnable.run(FastThreadLocalRunnable.java:30)
	at java.base/java.lang.Thread.run(Thread.java:1583)
Caused by: io.micronaut.context.exceptions.NoSuchBeanException: No bean of type [software.amazon.awssdk.enhanced.dynamodb.DynamoDbEnhancedClient] exists. 
* [DynamoDbEnhancedClient] is disabled because:
 - Disallowed environments [test] are active: [test]
	at io.micronaut.context.DefaultBeanContext.newNoSuchBeanException(DefaultBeanContext.java:2789)
	at io.micronaut.context.DefaultApplicationContext.newNoSuchBeanException(DefaultApplicationContext.java:309)
	at io.micronaut.context.DefaultBeanContext.resolveBeanRegistration(DefaultBeanContext.java:2758)
	at io.micronaut.context.DefaultBeanContext.getBean(DefaultBeanContext.java:1752)
	at io.micronaut.context.AbstractBeanResolutionContext.getBean(AbstractBeanResolutionContext.java:89)
	at io.micronaut.context.AbstractInitializableBeanDefinition.resolveBean(AbstractInitializableBeanDefinition.java:2165)
	... 96 common frames omitted
]]></system-out>
  <system-err><![CDATA[]]></system-err>
</testsuite>
